I, [2019-03-06T20:33:29.060037 #22545]  INFO -- couchdb-ubuntu-1804: -----> Converging <couchdb-ubuntu-1804>...
I, [2019-03-06T20:33:29.060789 #22545]  INFO -- couchdb-ubuntu-1804: Preparing files for transfer
I, [2019-03-06T20:33:29.060908 #22545]  INFO -- couchdb-ubuntu-1804: Preparing playbook
I, [2019-03-06T20:33:29.061176 #22545]  INFO -- couchdb-ubuntu-1804: Preparing inventory
I, [2019-03-06T20:33:29.061300 #22545]  INFO -- couchdb-ubuntu-1804: Preparing modules
I, [2019-03-06T20:33:29.061586 #22545]  INFO -- couchdb-ubuntu-1804: nothing to do for modules
I, [2019-03-06T20:33:29.061664 #22545]  INFO -- couchdb-ubuntu-1804: Preparing roles
I, [2019-03-06T20:33:29.088365 #22545]  INFO -- couchdb-ubuntu-1804: Preparing ansible.cfg file
I, [2019-03-06T20:33:29.088646 #22545]  INFO -- couchdb-ubuntu-1804: Found existing ansible.cfg
I, [2019-03-06T20:33:29.088981 #22545]  INFO -- couchdb-ubuntu-1804: Preparing group_vars
I, [2019-03-06T20:33:29.089305 #22545]  INFO -- couchdb-ubuntu-1804: Preparing additional_copy_path
I, [2019-03-06T20:33:29.089506 #22545]  INFO -- couchdb-ubuntu-1804: Preparing host_vars
I, [2019-03-06T20:33:29.089948 #22545]  INFO -- couchdb-ubuntu-1804: Preparing hosts file
I, [2019-03-06T20:33:29.090124 #22545]  INFO -- couchdb-ubuntu-1804: Preparing spec
I, [2019-03-06T20:33:29.090281 #22545]  INFO -- couchdb-ubuntu-1804: nothing to do for spec
I, [2019-03-06T20:33:29.090334 #22545]  INFO -- couchdb-ubuntu-1804: Preparing library plugins
I, [2019-03-06T20:33:29.090515 #22545]  INFO -- couchdb-ubuntu-1804: nothing to do for library plugins
I, [2019-03-06T20:33:29.090562 #22545]  INFO -- couchdb-ubuntu-1804: Preparing callback plugins
I, [2019-03-06T20:33:29.090755 #22545]  INFO -- couchdb-ubuntu-1804: nothing to do for callback plugins
I, [2019-03-06T20:33:29.090840 #22545]  INFO -- couchdb-ubuntu-1804: Preparing filter_plugins
I, [2019-03-06T20:33:29.090981 #22545]  INFO -- couchdb-ubuntu-1804: nothing to do for filter_plugins
I, [2019-03-06T20:33:29.091061 #22545]  INFO -- couchdb-ubuntu-1804: Preparing lookup_plugins
I, [2019-03-06T20:33:29.091237 #22545]  INFO -- couchdb-ubuntu-1804: nothing to do for lookup_plugins
I, [2019-03-06T20:33:29.091320 #22545]  INFO -- couchdb-ubuntu-1804: Preparing ansible vault password
I, [2019-03-06T20:33:29.091460 #22545]  INFO -- couchdb-ubuntu-1804: Preparing additional_ssh_private_keys
I, [2019-03-06T20:33:29.091544 #22545]  INFO -- couchdb-ubuntu-1804: nothing to do for additional_ssh_private_keys
I, [2019-03-06T20:33:29.091605 #22545]  INFO -- couchdb-ubuntu-1804: Finished Preparing files for transfer
I, [2019-03-06T20:33:29.091850 #22545]  INFO -- couchdb-ubuntu-1804: Installing ansible, will try to determine platform os
I, [2019-03-06T20:33:30.096314 #22545]  INFO -- couchdb-ubuntu-1804: Transferring files to <couchdb-ubuntu-1804>
I, [2019-03-06T20:33:33.294004 #22545]  INFO -- couchdb-ubuntu-1804: [0;31mERROR! the role '~/.ansible/roles/shifteoops.apache_role' was not found in /tmp/kitchen/roles:/tmp/kitchen/roles:/tmp/kitchen[0m
I, [2019-03-06T20:33:33.294113 #22545]  INFO -- couchdb-ubuntu-1804: [0;31m[0m
I, [2019-03-06T20:33:33.294156 #22545]  INFO -- couchdb-ubuntu-1804: [0;31mThe error appears to have been in '/tmp/kitchen/couchdb.yml': line 9, column 7, but may[0m
I, [2019-03-06T20:33:33.294201 #22545]  INFO -- couchdb-ubuntu-1804: [0;31mbe elsewhere in the file depending on the exact syntax problem.[0m
I, [2019-03-06T20:33:33.294243 #22545]  INFO -- couchdb-ubuntu-1804: [0;31m[0m
I, [2019-03-06T20:33:33.294280 #22545]  INFO -- couchdb-ubuntu-1804: [0;31mThe offending line appears to be:[0m
I, [2019-03-06T20:33:33.294316 #22545]  INFO -- couchdb-ubuntu-1804: [0;31m[0m
I, [2019-03-06T20:33:33.294351 #22545]  INFO -- couchdb-ubuntu-1804: [0;31m  roles:[0m
I, [2019-03-06T20:33:33.294386 #22545]  INFO -- couchdb-ubuntu-1804: [0;31m    - ~/.ansible/roles/shifteoops.apache_role[0m
I, [2019-03-06T20:33:33.294424 #22545]  INFO -- couchdb-ubuntu-1804: [0;31m      ^ here[0m
I, [2019-03-06T20:33:33.294458 #22545]  INFO -- couchdb-ubuntu-1804: [0;31m[0m
E, [2019-03-06T20:33:33.348188 #22545] ERROR -- couchdb-ubuntu-1804: Converge failed on instance <couchdb-ubuntu-1804>.
E, [2019-03-06T20:33:33.348320 #22545] ERROR -- couchdb-ubuntu-1804: ------Exception-------
E, [2019-03-06T20:33:33.348350 #22545] ERROR -- couchdb-ubuntu-1804: Class: Kitchen::ActionFailed
E, [2019-03-06T20:33:33.348371 #22545] ERROR -- couchdb-ubuntu-1804: Message: SSH exited (1) for command: [          
          
          ANSIBLE_ROLES_PATH=/tmp/kitchen/roles sudo -E -s  ansible-playbook -i /tmp/kitchen/hosts  -c local -M /tmp/kitchen/modules   --diff       /tmp/kitchen/couchdb.yml
]
E, [2019-03-06T20:33:33.348391 #22545] ERROR -- couchdb-ubuntu-1804: ----------------------
E, [2019-03-06T20:33:33.348413 #22545] ERROR -- couchdb-ubuntu-1804: ------Backtrace-------
E, [2019-03-06T20:33:33.348442 #22545] ERROR -- couchdb-ubuntu-1804: /var/lib/gems/2.5.0/gems/test-kitchen-1.24.0/lib/kitchen/provisioner/base.rb:95:in `rescue in call'
E, [2019-03-06T20:33:33.348464 #22545] ERROR -- couchdb-ubuntu-1804: /var/lib/gems/2.5.0/gems/test-kitchen-1.24.0/lib/kitchen/provisioner/base.rb:71:in `call'
E, [2019-03-06T20:33:33.348483 #22545] ERROR -- couchdb-ubuntu-1804: /var/lib/gems/2.5.0/gems/test-kitchen-1.24.0/lib/kitchen/instance.rb:408:in `block in converge_action'
E, [2019-03-06T20:33:33.348503 #22545] ERROR -- couchdb-ubuntu-1804: /var/lib/gems/2.5.0/gems/test-kitchen-1.24.0/lib/kitchen/instance.rb:551:in `synchronize_or_call'
E, [2019-03-06T20:33:33.348522 #22545] ERROR -- couchdb-ubuntu-1804: /var/lib/gems/2.5.0/gems/test-kitchen-1.24.0/lib/kitchen/instance.rb:513:in `block in action'
E, [2019-03-06T20:33:33.348542 #22545] ERROR -- couchdb-ubuntu-1804: /usr/lib/ruby/2.5.0/benchmark.rb:293:in `measure'
E, [2019-03-06T20:33:33.348561 #22545] ERROR -- couchdb-ubuntu-1804: /var/lib/gems/2.5.0/gems/test-kitchen-1.24.0/lib/kitchen/instance.rb:512:in `action'
E, [2019-03-06T20:33:33.348581 #22545] ERROR -- couchdb-ubuntu-1804: /var/lib/gems/2.5.0/gems/test-kitchen-1.24.0/lib/kitchen/instance.rb:404:in `converge_action'
E, [2019-03-06T20:33:33.348600 #22545] ERROR -- couchdb-ubuntu-1804: /var/lib/gems/2.5.0/gems/test-kitchen-1.24.0/lib/kitchen/instance.rb:382:in `block (2 levels) in transition_to'
E, [2019-03-06T20:33:33.348619 #22545] ERROR -- couchdb-ubuntu-1804: /var/lib/gems/2.5.0/gems/test-kitchen-1.24.0/lib/kitchen/lifecycle_hooks.rb:45:in `run_with_hooks'
E, [2019-03-06T20:33:33.348639 #22545] ERROR -- couchdb-ubuntu-1804: /var/lib/gems/2.5.0/gems/test-kitchen-1.24.0/lib/kitchen/instance.rb:381:in `block in transition_to'
E, [2019-03-06T20:33:33.348658 #22545] ERROR -- couchdb-ubuntu-1804: /var/lib/gems/2.5.0/gems/test-kitchen-1.24.0/lib/kitchen/instance.rb:380:in `each'
E, [2019-03-06T20:33:33.348678 #22545] ERROR -- couchdb-ubuntu-1804: /var/lib/gems/2.5.0/gems/test-kitchen-1.24.0/lib/kitchen/instance.rb:380:in `transition_to'
E, [2019-03-06T20:33:33.348697 #22545] ERROR -- couchdb-ubuntu-1804: /var/lib/gems/2.5.0/gems/test-kitchen-1.24.0/lib/kitchen/instance.rb:140:in `converge'
E, [2019-03-06T20:33:33.348716 #22545] ERROR -- couchdb-ubuntu-1804: /var/lib/gems/2.5.0/gems/test-kitchen-1.24.0/lib/kitchen/command.rb:197:in `public_send'
E, [2019-03-06T20:33:33.348736 #22545] ERROR -- couchdb-ubuntu-1804: /var/lib/gems/2.5.0/gems/test-kitchen-1.24.0/lib/kitchen/command.rb:197:in `run_action_in_thread'
E, [2019-03-06T20:33:33.348755 #22545] ERROR -- couchdb-ubuntu-1804: /var/lib/gems/2.5.0/gems/test-kitchen-1.24.0/lib/kitchen/command.rb:169:in `block (2 levels) in run_action'
E, [2019-03-06T20:33:33.348774 #22545] ERROR -- couchdb-ubuntu-1804: ----End Backtrace-----
E, [2019-03-06T20:33:33.348793 #22545] ERROR -- couchdb-ubuntu-1804: ---Nested Exception---
E, [2019-03-06T20:33:33.348811 #22545] ERROR -- couchdb-ubuntu-1804: Class: Kitchen::Transport::SshFailed
E, [2019-03-06T20:33:33.348829 #22545] ERROR -- couchdb-ubuntu-1804: Message: SSH exited (1) for command: [          
          
          ANSIBLE_ROLES_PATH=/tmp/kitchen/roles sudo -E -s  ansible-playbook -i /tmp/kitchen/hosts  -c local -M /tmp/kitchen/modules   --diff       /tmp/kitchen/couchdb.yml
]
E, [2019-03-06T20:33:33.348859 #22545] ERROR -- couchdb-ubuntu-1804: ----------------------
E, [2019-03-06T20:33:33.348878 #22545] ERROR -- couchdb-ubuntu-1804: ------Backtrace-------
E, [2019-03-06T20:33:33.348897 #22545] ERROR -- couchdb-ubuntu-1804: /var/lib/gems/2.5.0/gems/test-kitchen-1.24.0/lib/kitchen/provisioner/base.rb:95:in `rescue in call'
E, [2019-03-06T20:33:33.348916 #22545] ERROR -- couchdb-ubuntu-1804: /var/lib/gems/2.5.0/gems/test-kitchen-1.24.0/lib/kitchen/provisioner/base.rb:71:in `call'
E, [2019-03-06T20:33:33.348935 #22545] ERROR -- couchdb-ubuntu-1804: /var/lib/gems/2.5.0/gems/test-kitchen-1.24.0/lib/kitchen/instance.rb:408:in `block in converge_action'
E, [2019-03-06T20:33:33.348954 #22545] ERROR -- couchdb-ubuntu-1804: /var/lib/gems/2.5.0/gems/test-kitchen-1.24.0/lib/kitchen/instance.rb:551:in `synchronize_or_call'
E, [2019-03-06T20:33:33.348973 #22545] ERROR -- couchdb-ubuntu-1804: /var/lib/gems/2.5.0/gems/test-kitchen-1.24.0/lib/kitchen/instance.rb:513:in `block in action'
E, [2019-03-06T20:33:33.348992 #22545] ERROR -- couchdb-ubuntu-1804: /usr/lib/ruby/2.5.0/benchmark.rb:293:in `measure'
E, [2019-03-06T20:33:33.349010 #22545] ERROR -- couchdb-ubuntu-1804: /var/lib/gems/2.5.0/gems/test-kitchen-1.24.0/lib/kitchen/instance.rb:512:in `action'
E, [2019-03-06T20:33:33.349029 #22545] ERROR -- couchdb-ubuntu-1804: /var/lib/gems/2.5.0/gems/test-kitchen-1.24.0/lib/kitchen/instance.rb:404:in `converge_action'
E, [2019-03-06T20:33:33.349048 #22545] ERROR -- couchdb-ubuntu-1804: /var/lib/gems/2.5.0/gems/test-kitchen-1.24.0/lib/kitchen/instance.rb:382:in `block (2 levels) in transition_to'
E, [2019-03-06T20:33:33.349074 #22545] ERROR -- couchdb-ubuntu-1804: /var/lib/gems/2.5.0/gems/test-kitchen-1.24.0/lib/kitchen/lifecycle_hooks.rb:45:in `run_with_hooks'
E, [2019-03-06T20:33:33.349099 #22545] ERROR -- couchdb-ubuntu-1804: /var/lib/gems/2.5.0/gems/test-kitchen-1.24.0/lib/kitchen/instance.rb:381:in `block in transition_to'
E, [2019-03-06T20:33:33.349118 #22545] ERROR -- couchdb-ubuntu-1804: /var/lib/gems/2.5.0/gems/test-kitchen-1.24.0/lib/kitchen/instance.rb:380:in `each'
E, [2019-03-06T20:33:33.349138 #22545] ERROR -- couchdb-ubuntu-1804: /var/lib/gems/2.5.0/gems/test-kitchen-1.24.0/lib/kitchen/instance.rb:380:in `transition_to'
E, [2019-03-06T20:33:33.349161 #22545] ERROR -- couchdb-ubuntu-1804: /var/lib/gems/2.5.0/gems/test-kitchen-1.24.0/lib/kitchen/instance.rb:140:in `converge'
E, [2019-03-06T20:33:33.349180 #22545] ERROR -- couchdb-ubuntu-1804: /var/lib/gems/2.5.0/gems/test-kitchen-1.24.0/lib/kitchen/command.rb:197:in `public_send'
E, [2019-03-06T20:33:33.349199 #22545] ERROR -- couchdb-ubuntu-1804: /var/lib/gems/2.5.0/gems/test-kitchen-1.24.0/lib/kitchen/command.rb:197:in `run_action_in_thread'
E, [2019-03-06T20:33:33.349218 #22545] ERROR -- couchdb-ubuntu-1804: /var/lib/gems/2.5.0/gems/test-kitchen-1.24.0/lib/kitchen/command.rb:169:in `block (2 levels) in run_action'
E, [2019-03-06T20:33:33.349237 #22545] ERROR -- couchdb-ubuntu-1804: ----End Backtrace-----
